Arguments: 
  C:\Program Files\nodejs\node.exe C:\Users\SSR\AppData\Roaming\npm\node_modules\yarn\bin\yarn.js start

PATH: 
  C:\WINDOWS\system32;C:\WINDOWS;C:\WINDOWS\System32\Wbem;C:\WINDOWS\System32\WindowsPowerShell\v1.0\;C:\WINDOWS\System32\OpenSSH\;C:\Program Files\Bandizip\;C:\Program Files\Git\cmd;C:\Program Files (x86)\GitExtensions\;C:\Program Files\nodejs\;C:\Users\SSR\AppData\Local\Microsoft\WindowsApps;;C:\Users\SSR\AppData\Local\Programs\Microsoft VS Code\bin;C:\Users\SSR\AppData\Roaming\npm

Yarn version: 
  1.22.19

Node version: 
  16.13.2

Platform: 
  win32 x64

Trace: 
  SyntaxError: C:\Users\SSR\Desktop\hykim\study\this-cat\package.json: Unexpected token } in JSON at position 798
      at JSON.parse (<anonymous>)
      at C:\Users\SSR\AppData\Roaming\npm\node_modules\yarn\lib\cli.js:1629:59
      at Generator.next (<anonymous>)
      at step (C:\Users\SSR\AppData\Roaming\npm\node_modules\yarn\lib\cli.js:310:30)
      at C:\Users\SSR\AppData\Roaming\npm\node_modules\yarn\lib\cli.js:321:13

npm manifest: 
  {
    "name": "this-cat",
    "version": "0.1.0",
    "private": true,
    "dependencies": {
      "@testing-library/jest-dom": "^5.16.5",
      "@testing-library/react": "^13.4.0",
      "@testing-library/user-event": "^13.5.0",
      "@types/jest": "^27.5.2",
      "@types/node": "^16.18.11",
      "@types/react": "^18.0.27",
      "@types/react-dom": "^18.0.10",
      "react": "^18.2.0",
      "react-dom": "^18.2.0",
      "react-scripts": "5.0.1",
      "typescript": "^4.9.4",
      "web-vitals": "^2.1.4"
    },
    "scripts": {
      "start": "react-scripts start",
      "build": "react-scripts build",
      "test": "react-scripts test",
      "eject": "react-scripts eject"
    },
    "eslintConfig": {
      "extends": [
        "airbnb", 
        "plugin:prettier/recommended"
      ],
      "rules": {
        "object-curly-newline": 0,
      },
      "env": {
        "browser": true
      }
    },
    "browserslist": {
      "production": [
        ">0.2%",
        "not dead",
        "not op_mini all"
      ],
      "development": [
        "last 1 chrome version",
        "last 1 firefox version",
        "last 1 safari version"
      ]
    },
    "devDependencies": {
      "eslint": "^8.2.0",
      "eslint-config-airbnb": "^19.0.4",
      "eslint-plugin-import": "^2.25.3",
      "eslint-plugin-jsx-a11y": "^6.5.1",
      "eslint-plugin-react": "^7.28.0",
      "eslint-plugin-react-hooks": "^4.3.0"
    }
  }

yarn manifest: 
  No manifest

Lockfile: 
  No lockfile
